<?xml version="1.0" encoding="UTF-8"?>
<!-- Generated by org.testng.reporters.JUnitReportReporter -->
<testsuite skipped="0" hostname="NAWRAK" name="src.test.java.TestFirst" tests="1" failures="0" timestamp="27 paÅº 2021 17:43:17 GMT" time="12.283" errors="0">
  <testcase name="getTitleTest" time="12.283" classname="src.test.java.TestFirst"/>
</testsuite> <!-- src.test.java.TestFirst -->
